[2026-03-03T05:04:50.059Z] GET /api/cakes
[2026-03-03T05:04:50.213Z] GET /api/cakes
[2026-03-03T05:04:51.564Z] GET /api/cakes/699ec4f67200db352d1ff769
[2026-03-03T05:04:51.642Z] GET /api/cakes/699ec4f67200db352d1ff769
[2026-03-03T05:04:53.128Z] PUT /api/users/cart
[2026-03-03T05:04:53.271Z] GET /api/orders/myorders
[2026-03-03T05:04:53.482Z] GET /api/orders/myorders
[2026-03-03T05:04:56.742Z] POST /api/orders
[2026-03-03T05:05:02.577Z] GET /api/orders/myorders
[2026-03-03T05:05:02.829Z] PUT /api/users/cart
[2026-03-03T05:05:11.780Z] GET /api/orders/myorders
[2026-03-03T05:05:12.015Z] GET /api/orders/myorders
[2026-03-03T05:15:31.549Z] GET /api/orders/myorders?t=1772514931206 Auth: Bearer eyJhbGciOiJIU...
[2026-03-03T05:29:51.422Z] GET /api/cakes Auth: Bearer eyJhbGciOiJIU...
[2026-03-03T05:29:51.725Z] GET /api/cakes Auth: Bearer eyJhbGciOiJIU...
[2026-03-03T05:30:07.970Z] PUT /api/users/cart Auth: Bearer eyJhbGciOiJIU...
[2026-03-03T05:31:17.588Z] GET /api/orders/myorders?t=1772515877268 Auth: Bearer eyJhbGciOiJIU...
[2026-03-03T05:31:18.088Z] GET /api/orders/myorders?t=1772515877268 Auth: Bearer eyJhbGciOiJIU...
[2026-03-03T05:31:49.882Z] GET /api/orders/myorders?t=1772515909876 Auth: Bearer eyJhbGciOiJIU...
[2026-03-03T05:32:29.887Z] GET /api/cakes Auth: Bearer eyJhbGciOiJIU...
[2026-03-03T05:32:30.426Z] GET /api/cakes Auth: Bearer eyJhbGciOiJIU...
[2026-03-03T05:32:32.584Z] GET /api/cakes?eggless=true Auth: Bearer eyJhbGciOiJIU...
[2026-03-03T05:32:34.438Z] GET /api/cakes?eggless=false Auth: Bearer eyJhbGciOiJIU...
[2026-03-03T05:32:35.978Z] GET /api/cakes?eggless=true Auth: Bearer eyJhbGciOiJIU...
[2026-03-03T05:32:43.224Z] GET /api/cakes?eggless=false Auth: Bearer eyJhbGciOiJIU...
[2026-03-03T05:32:44.373Z] GET /api/cakes?eggless=true Auth: Bearer eyJhbGciOiJIU...
[2026-03-03T05:39:07.907Z] GET /api/cakes?eggless=true Auth: No Auth...
[2026-03-03T05:39:32.271Z] GET /api/cakes?eggless=false Auth: No Auth...
[2026-03-03T05:40:12.535Z] GET /api/cakes Auth: No Auth...
[2026-03-03T05:40:12.617Z] GET /api/cakes?eggless=true Auth: No Auth...
[2026-03-03T05:40:12.696Z] GET /api/cakes?eggless=false Auth: No Auth...
[2026-03-03T05:56:03.977Z] GET /api/users/me Auth: Bearer eyJhbGciOiJIU...
[2026-03-03T05:56:05.137Z] GET /api/users/me Auth: Bearer eyJhbGciOiJIU...
[2026-03-03T05:56:05.164Z] GET /api/users/favorites Auth: Bearer eyJhbGciOiJIU...
[2026-03-03T05:56:05.319Z] GET /api/users/favorites Auth: Bearer eyJhbGciOiJIU...
[2026-03-03T05:56:08.530Z] GET /api/cakes Auth: Bearer eyJhbGciOiJIU...
[2026-03-03T05:56:08.698Z] GET /api/cakes Auth: Bearer eyJhbGciOiJIU...
[2026-03-03T05:58:53.316Z] GET /api/cakes?eggless=false Auth: Bearer eyJhbGciOiJIU...
[2026-03-03T05:58:54.584Z] GET /api/cakes?eggless=true Auth: Bearer eyJhbGciOiJIU...
[2026-03-03T05:58:59.999Z] GET /api/cakes Auth: No Auth...
[2026-03-03T05:59:00.213Z] GET /api/cakes?eggless=true Auth: No Auth...
[2026-03-03T05:59:00.418Z] GET /api/cakes?eggless=false Auth: No Auth...
[2026-03-03T06:03:11.213Z] GET /api/cakes?eggless=false Auth: Bearer eyJhbGciOiJIU...
[2026-03-03T06:03:12.437Z] GET /api/cakes?eggless=true Auth: Bearer eyJhbGciOiJIU...
[2026-03-03T06:03:14.812Z] GET /api/cakes?eggless=false Auth: Bearer eyJhbGciOiJIU...
[2026-03-03T06:03:15.355Z] GET /api/cakes Auth: Bearer eyJhbGciOiJIU...
[2026-03-04T05:13:29.111Z] GET /api/users/me Auth: Bearer eyJhbGciOiJIU...
[2026-03-04T05:13:29.238Z] GET /api/users/me Auth: Bearer eyJhbGciOiJIU...
[2026-03-04T05:13:29.255Z] GET /api/users/favorites Auth: Bearer eyJhbGciOiJIU...
[2026-03-04T05:13:29.439Z] GET /api/users/favorites Auth: Bearer eyJhbGciOiJIU...
[2026-03-04T06:03:18.934Z] GET /api/users/me Auth: Bearer eyJhbGciOiJIU...
[2026-03-04T06:03:19.246Z] GET /api/users/me Auth: Bearer eyJhbGciOiJIU...
[2026-03-04T06:03:19.255Z] GET /api/users/favorites Auth: Bearer eyJhbGciOiJIU...
[2026-03-04T06:03:19.568Z] GET /api/users/favorites Auth: Bearer eyJhbGciOiJIU...
[2026-03-04T06:07:40.742Z] GET /api/cakes Auth: Bearer eyJhbGciOiJIU...
[2026-03-04T06:07:40.903Z] GET /api/cakes Auth: Bearer eyJhbGciOiJIU...
[2026-03-04T06:07:41.911Z] GET /api/cakes/699ec4f67200db352d1ff76c Auth: Bearer eyJhbGciOiJIU...
[2026-03-04T06:07:41.995Z] GET /api/cakes/699ec4f67200db352d1ff76c Auth: Bearer eyJhbGciOiJIU...
[2026-03-04T06:07:43.375Z] PUT /api/users/cart Auth: Bearer eyJhbGciOiJIU...
[2026-03-04T06:07:43.411Z] GET /api/orders/myorders?t=1772604463400 Auth: Bearer eyJhbGciOiJIU...
[2026-03-04T06:07:43.711Z] GET /api/orders/myorders?t=1772604463400 Auth: Bearer eyJhbGciOiJIU...
[2026-03-04T06:10:58.770Z] PUT /api/users/cart Auth: Bearer eyJhbGciOiJIU...
[2026-03-04T06:10:58.773Z] PUT /api/users/cart Auth: Bearer eyJhbGciOiJIU...
[2026-03-04T06:10:58.821Z] GET /api/orders/myorders?t=1772604658507 Auth: Bearer eyJhbGciOiJIU...
[2026-03-04T06:11:08.069Z] GET /api/cakes Auth: Bearer eyJhbGciOiJIU...
[2026-03-04T06:11:08.196Z] GET /api/cakes Auth: Bearer eyJhbGciOiJIU...
[2026-03-04T06:11:18.776Z] GET /api/orders/myorders?t=1772604658507 Auth: Bearer eyJhbGciOiJIU...
[2026-03-04T06:12:03.937Z] GET /api/cakes Auth: Bearer eyJhbGciOiJIU...
[2026-03-04T06:12:04.372Z] GET /api/cakes Auth: Bearer eyJhbGciOiJIU...
[2026-03-04T07:07:33.393Z] GET /api/users/me Auth: Bearer eyJhbGciOiJIU...
[2026-03-04T07:07:33.508Z] GET /api/users/me Auth: Bearer eyJhbGciOiJIU...
[2026-03-04T07:07:33.529Z] GET /api/users/favorites Auth: Bearer eyJhbGciOiJIU...
[2026-03-04T07:07:33.902Z] GET /api/users/favorites Auth: Bearer eyJhbGciOiJIU...
[2026-03-04T07:26:37.485Z] GET /api/cakes Auth: Bearer eyJhbGciOiJIU...
[2026-03-04T07:26:40.274Z] GET /api/users/me Auth: Bearer eyJhbGciOiJIU...
[2026-03-04T07:26:40.854Z] GET /api/users/me Auth: Bearer eyJhbGciOiJIU...
[2026-03-04T07:26:40.881Z] GET /api/users/favorites Auth: Bearer eyJhbGciOiJIU...
[2026-03-04T07:26:42.084Z] GET /api/users/favorites Auth: Bearer eyJhbGciOiJIU...
[2026-03-04T07:26:45.266Z] GET /api/cakes Auth: Bearer eyJhbGciOiJIU...
[2026-03-04T07:26:45.409Z] GET /api/cakes Auth: Bearer eyJhbGciOiJIU...
[2026-03-06T09:11:47.399Z] GET /api/users/me Auth: Bearer eyJhbGciOiJIU...
[2026-03-06T09:11:57.431Z] GET /api/users/me Auth: Bearer eyJhbGciOiJIU...
[2026-03-09T05:09:21.969Z] POST /api/users/login Auth: No Auth...
[2026-03-09T05:09:39.295Z] POST /api/users/register Auth: No Auth...
[2026-03-09T05:09:52.121Z] POST /api/users/forgotpassword Auth: No Auth...
[2026-03-09T05:11:10.217Z] POST /api/users/login Auth: No Auth...
[2026-03-09T05:11:14.415Z] POST /api/users/login Auth: No Auth...
[2026-03-09T05:11:18.510Z] POST /api/users/login Auth: No Auth...
[2026-03-09T05:11:41.920Z] POST /api/users/register Auth: No Auth...
[2026-03-09T05:11:51.654Z] POST /api/users/address Auth: Bearer eyJhbGciOiJIU...
[2026-03-09T05:11:54.716Z] GET /api/cakes Auth: Bearer eyJhbGciOiJIU...
[2026-03-09T05:11:54.850Z] GET /api/cakes Auth: Bearer eyJhbGciOiJIU...
[2026-03-09T05:11:57.963Z] GET /api/cakes/699ec4f67200db352d1ff769 Auth: Bearer eyJhbGciOiJIU...
[2026-03-09T05:11:58.022Z] GET /api/cakes/699ec4f67200db352d1ff769 Auth: Bearer eyJhbGciOiJIU...
[2026-03-09T05:11:59.395Z] PUT /api/users/cart Auth: Bearer eyJhbGciOiJIU...
[2026-03-09T05:11:59.483Z] GET /api/orders/myorders?t=1773033119462 Auth: Bearer eyJhbGciOiJIU...
[2026-03-09T05:11:59.654Z] GET /api/orders/myorders?t=1773033119462 Auth: Bearer eyJhbGciOiJIU...
[2026-03-09T05:12:01.843Z] POST /api/orders Auth: Bearer eyJhbGciOiJIU...
[2026-03-09T05:12:02.142Z] GET /api/orders/myorders?t=1773033122137 Auth: Bearer eyJhbGciOiJIU...
[2026-03-09T05:12:02.148Z] PUT /api/users/cart Auth: Bearer eyJhbGciOiJIU...
[2026-03-09T05:12:03.371Z] GET /api/orders/myorders?t=1773033123359 Auth: Bearer eyJhbGciOiJIU...
[2026-03-09T05:12:03.376Z] GET /api/orders/myorders?t=1773033123360 Auth: Bearer eyJhbGciOiJIU...
[2026-03-09T05:14:00.569Z] GET /api/orders/myorders?t=1773033240245 Auth: Bearer eyJhbGciOiJIU...
[2026-03-09T05:18:38.513Z] GET /api/orders/myorders?t=1773033518185 Auth: Bearer eyJhbGciOiJIU...
[2026-03-09T05:18:38.515Z] GET /api/orders/myorders?t=1773033518186 Auth: Bearer eyJhbGciOiJIU...
[2026-03-09T05:19:00.777Z] GET /api/cakes Auth: Bearer eyJhbGciOiJIU...
[2026-03-09T05:19:00.921Z] GET /api/cakes Auth: Bearer eyJhbGciOiJIU...
[2026-03-09T05:19:07.859Z] GET /api/cakes Auth: Bearer eyJhbGciOiJIU...
[2026-03-09T05:19:07.960Z] GET /api/cakes Auth: Bearer eyJhbGciOiJIU...
[2026-03-09T05:19:14.877Z] GET /api/cakes Auth: Bearer eyJhbGciOiJIU...
[2026-03-09T05:19:15.105Z] GET /api/cakes Auth: Bearer eyJhbGciOiJIU...
[2026-03-09T05:19:17.610Z] GET /api/cakes Auth: Bearer eyJhbGciOiJIU...
[2026-03-09T05:19:17.781Z] GET /api/cakes Auth: Bearer eyJhbGciOiJIU...
[2026-03-09T05:19:28.048Z] GET /api/orders/myorders?t=1773033568038 Auth: Bearer eyJhbGciOiJIU...
[2026-03-09T05:19:28.198Z] GET /api/orders/myorders?t=1773033568039 Auth: Bearer eyJhbGciOiJIU...
[2026-03-09T05:28:08.409Z] GET /api/cakes Auth: Bearer eyJhbGciOiJIU...
[2026-03-09T05:28:08.522Z] GET /api/cakes Auth: Bearer eyJhbGciOiJIU...
[2026-03-09T05:32:40.311Z] GET /api/orders/myorders?t=1773034359998 Auth: Bearer eyJhbGciOiJIU...
[2026-03-09T05:32:40.313Z] GET /api/orders/myorders?t=1773034359999 Auth: Bearer eyJhbGciOiJIU...
[2026-03-09T05:32:43.768Z] GET /api/orders/myorders?t=1773034363764 Auth: Bearer eyJhbGciOiJIU...
[2026-03-09T05:32:43.899Z] GET /api/orders/myorders?t=1773034363764 Auth: Bearer eyJhbGciOiJIU...
[2026-03-09T05:32:47.831Z] GET /api/cakes Auth: Bearer eyJhbGciOiJIU...
[2026-03-09T05:32:47.946Z] GET /api/cakes Auth: Bearer eyJhbGciOiJIU...
[2026-03-09T05:35:13.237Z] GET /api/cakes Auth: Bearer eyJhbGciOiJIU...
[2026-03-09T05:35:13.412Z] GET /api/cakes Auth: Bearer eyJhbGciOiJIU...
[2026-03-09T05:35:20.530Z] GET /api/orders/myorders?t=1773034520523 Auth: Bearer eyJhbGciOiJIU...
[2026-03-09T05:35:20.644Z] GET /api/orders/myorders?t=1773034520524 Auth: Bearer eyJhbGciOiJIU...
[2026-03-09T05:35:37.235Z] GET /api/cakes Auth: Bearer eyJhbGciOiJIU...
[2026-03-09T05:35:37.373Z] GET /api/cakes Auth: Bearer eyJhbGciOiJIU...
[2026-03-09T06:15:32.679Z] GET /api/orders/myorders?t=1773036932312 Auth: No Auth...
[2026-03-09T06:15:32.696Z] GET /api/orders/myorders?t=1773036932314 Auth: No Auth...
[2026-03-09T06:19:57.542Z] POST /api/users/login Auth: No Auth...
[2026-03-09T06:20:17.735Z] GET /api/users/favorites Auth: Bearer eyJhbGciOiJIU...
[2026-03-09T06:20:24.707Z] GET /api/users/me Auth: Bearer eyJhbGciOiJIU...
[2026-03-09T06:20:24.840Z] GET /api/users/me Auth: Bearer eyJhbGciOiJIU...
[2026-03-09T06:20:24.987Z] GET /api/users/favorites Auth: Bearer eyJhbGciOiJIU...
[2026-03-09T06:20:25.139Z] GET /api/users/favorites Auth: Bearer eyJhbGciOiJIU...
[2026-03-09T06:25:47.692Z] GET /api/users/me Auth: Bearer eyJhbGciOiJIU...
[2026-03-09T06:25:47.856Z] GET /api/users/me Auth: Bearer eyJhbGciOiJIU...
[2026-03-09T06:25:47.875Z] GET /api/users/favorites Auth: Bearer eyJhbGciOiJIU...
[2026-03-09T06:25:48.585Z] GET /api/users/favorites Auth: Bearer eyJhbGciOiJIU...
[2026-03-09T06:25:54.918Z] GET /api/orders/myorders?t=1773037554900 Auth: Bearer eyJhbGciOiJIU...
[2026-03-09T06:25:55.035Z] GET /api/orders/myorders?t=1773037554901 Auth: Bearer eyJhbGciOiJIU...
[2026-03-09T06:26:32.728Z] GET /api/users/me Auth: Bearer eyJhbGciOiJIU...
[2026-03-09T06:26:32.816Z] GET /api/users/me Auth: Bearer eyJhbGciOiJIU...
[2026-03-09T06:26:32.843Z] GET /api/users/favorites Auth: Bearer eyJhbGciOiJIU...
[2026-03-09T06:26:32.947Z] GET /api/users/favorites Auth: Bearer eyJhbGciOiJIU...
[2026-03-09T07:30:54.332Z] GET /api/users/me Auth: Bearer eyJhbGciOiJIU...
[2026-03-09T07:30:54.390Z] GET /api/users/me Auth: Bearer eyJhbGciOiJIU...
[2026-03-09T08:50:53.409Z] GET /api/cakes Auth: Bearer eyJhbGciOiJIU...
[2026-03-09T08:50:54.252Z] GET /api/cakes Auth: Bearer eyJhbGciOiJIU...
[2026-03-09T08:51:05.093Z] GET /api/cakes Auth: Bearer eyJhbGciOiJIU...
[2026-03-09T08:51:05.260Z] GET /api/cakes Auth: Bearer eyJhbGciOiJIU...
[2026-03-09T08:53:23.036Z] GET /api/orders/myorders?t=1773046402717 Auth: Bearer eyJhbGciOiJIU...
[2026-03-09T08:53:23.227Z] GET /api/orders/myorders?t=1773046402717 Auth: Bearer eyJhbGciOiJIU...
[2026-03-09T08:56:55.991Z] GET /api/cakes Auth: Bearer eyJhbGciOiJIU...
[2026-03-09T08:56:56.167Z] GET /api/cakes Auth: Bearer eyJhbGciOiJIU...
[2026-03-09T08:56:57.255Z] GET /api/cakes/699ec4f67200db352d1ff76c Auth: Bearer eyJhbGciOiJIU...
[2026-03-09T08:56:57.332Z] GET /api/cakes/699ec4f67200db352d1ff76c Auth: Bearer eyJhbGciOiJIU...
[2026-03-09T08:56:59.385Z] PUT /api/users/cart Auth: Bearer eyJhbGciOiJIU...
[2026-03-09T08:56:59.426Z] GET /api/orders/myorders?t=1773046619415 Auth: Bearer eyJhbGciOiJIU...
[2026-03-09T08:56:59.921Z] GET /api/orders/myorders?t=1773046619415 Auth: Bearer eyJhbGciOiJIU...
[2026-03-09T08:57:01.512Z] POST /api/orders Auth: Bearer eyJhbGciOiJIU...
[2026-03-09T08:57:01.852Z] GET /api/orders/myorders?t=1773046621848 Auth: Bearer eyJhbGciOiJIU...
[2026-03-09T08:57:01.858Z] PUT /api/users/cart Auth: Bearer eyJhbGciOiJIU...
[2026-03-09T08:57:03.832Z] GET /api/orders/myorders?t=1773046623814 Auth: Bearer eyJhbGciOiJIU...
[2026-03-09T08:57:03.836Z] GET /api/orders/myorders?t=1773046623815 Auth: Bearer eyJhbGciOiJIU...
[2026-03-09T09:06:02.466Z] GET /api/cakes Auth: Bearer eyJhbGciOiJIU...
[2026-03-09T09:06:02.637Z] GET /api/cakes Auth: Bearer eyJhbGciOiJIU...
[2026-03-09T09:06:04.371Z] GET /api/cakes/699ec4f67200db352d1ff769 Auth: Bearer eyJhbGciOiJIU...
[2026-03-09T09:06:04.444Z] GET /api/cakes/699ec4f67200db352d1ff769 Auth: Bearer eyJhbGciOiJIU...
[2026-03-09T09:06:05.986Z] PUT /api/users/cart Auth: Bearer eyJhbGciOiJIU...
[2026-03-09T09:06:06.022Z] GET /api/orders/myorders?t=1773047166013 Auth: Bearer eyJhbGciOiJIU...
[2026-03-09T09:06:06.025Z] GET /api/orders/myorders?t=1773047166014 Auth: Bearer eyJhbGciOiJIU...
[2026-03-09T09:06:08.876Z] POST /api/orders Auth: Bearer eyJhbGciOiJIU...
[2026-03-09T09:06:09.178Z] GET /api/orders/myorders?t=1773047169172 Auth: Bearer eyJhbGciOiJIU...
[2026-03-09T09:06:09.205Z] PUT /api/users/cart Auth: Bearer eyJhbGciOiJIU...
[2026-03-09T09:06:10.084Z] GET /api/orders/myorders?t=1773047170063 Auth: Bearer eyJhbGciOiJIU...
[2026-03-09T09:06:10.087Z] GET /api/orders/myorders?t=1773047170064 Auth: Bearer eyJhbGciOiJIU...
[2026-03-09T15:06:06.201Z] GET /api/users/me Auth: Bearer eyJhbGciOiJIU...
[2026-03-09T15:06:26.510Z] GET /api/users/me Auth: Bearer eyJhbGciOiJIU...
[2026-03-10T05:14:03.702Z] POST /api/users/login Auth: No Auth...
[2026-03-10T05:14:04.343Z] GET /api/users/favorites Auth: Bearer eyJhbGciOiJIU...
[2026-03-10T05:14:06.285Z] GET /api/orders/myorders?t=1773119646268 Auth: Bearer eyJhbGciOiJIU...
[2026-03-10T05:14:06.288Z] GET /api/orders/myorders?t=1773119646269 Auth: Bearer eyJhbGciOiJIU...
[2026-03-10T07:10:18.560Z] GET /api/users/me Auth: Bearer eyJhbGciOiJIU...
[2026-03-10T07:10:19.823Z] GET /api/users/me Auth: Bearer eyJhbGciOiJIU...
[2026-03-10T07:10:19.852Z] GET /api/users/favorites Auth: Bearer eyJhbGciOiJIU...
[2026-03-10T07:10:20.583Z] GET /api/users/favorites Auth: Bearer eyJhbGciOiJIU...
[2026-03-10T07:10:23.680Z] GET /api/orders/myorders?t=1773126623352 Auth: Bearer eyJhbGciOiJIU...
[2026-03-10T07:10:23.683Z] GET /api/orders/myorders?t=1773126623347 Auth: Bearer eyJhbGciOiJIU...
[2026-03-10T07:10:49.237Z] GET /api/users/me Auth: Bearer eyJhbGciOiJIU...
[2026-03-10T07:10:49.340Z] GET /api/users/me Auth: Bearer eyJhbGciOiJIU...
[2026-03-10T07:10:49.352Z] GET /api/users/favorites Auth: Bearer eyJhbGciOiJIU...
[2026-03-10T07:10:49.462Z] GET /api/users/favorites Auth: Bearer eyJhbGciOiJIU...
[2026-03-10T07:10:52.301Z] GET /api/orders/myorders?t=1773126652295 Auth: Bearer eyJhbGciOiJIU...
[2026-03-10T07:10:52.302Z] GET /api/orders/myorders?t=1773126652297 Auth: Bearer eyJhbGciOiJIU...
[2026-03-10T07:11:54.132Z] GET /api/users/me Auth: Bearer eyJhbGciOiJIU...
[2026-03-10T07:11:54.253Z] GET /api/users/me Auth: Bearer eyJhbGciOiJIU...
[2026-03-10T07:11:54.264Z] GET /api/users/favorites Auth: Bearer eyJhbGciOiJIU...
[2026-03-10T07:11:54.408Z] GET /api/users/favorites Auth: Bearer eyJhbGciOiJIU...
[2026-03-10T07:11:57.301Z] GET /api/orders/myorders?t=1773126717293 Auth: Bearer eyJhbGciOiJIU...
[2026-03-10T07:11:57.303Z] GET /api/orders/myorders?t=1773126717296 Auth: Bearer eyJhbGciOiJIU...
[2026-03-10T07:40:17.721Z] GET /api/users/me Auth: Bearer eyJhbGciOiJIU...
[2026-03-10T07:40:37.645Z] GET /api/users/me Auth: Bearer eyJhbGciOiJIU...
[2026-03-10T07:40:37.659Z] GET /api/users/favorites Auth: Bearer eyJhbGciOiJIU...
[2026-03-10T07:40:37.927Z] GET /api/users/favorites Auth: Bearer eyJhbGciOiJIU...
[2026-03-10T07:40:41.310Z] GET /api/orders/myorders?t=1773128441302 Auth: Bearer eyJhbGciOiJIU...
[2026-03-10T07:40:41.330Z] GET /api/orders/myorders?t=1773128441307 Auth: Bearer eyJhbGciOiJIU...
[2026-03-15T08:04:16.045Z] GET /api/users/me Auth: Bearer eyJhbGciOiJIU...
[2026-03-15T08:04:26.067Z] GET /api/users/me Auth: Bearer eyJhbGciOiJIU...
[2026-03-15T08:11:27.184Z] POST /api/users/register Auth: No Auth...
[2026-03-15T08:11:27.581Z] PUT /api/users/cart Auth: Bearer eyJhbGciOiJIU...
[2026-03-15T08:11:51.271Z] POST /api/users/address Auth: Bearer eyJhbGciOiJIU...
[2026-03-15T08:11:54.893Z] GET /api/cakes Auth: Bearer eyJhbGciOiJIU...
[2026-03-15T08:11:55.084Z] GET /api/cakes Auth: Bearer eyJhbGciOiJIU...
[2026-03-15T08:11:56.319Z] GET /api/cakes/699ec4f67200db352d1ff769 Auth: Bearer eyJhbGciOiJIU...
[2026-03-15T08:11:56.414Z] GET /api/cakes/699ec4f67200db352d1ff769 Auth: Bearer eyJhbGciOiJIU...
[2026-03-15T08:12:08.285Z] GET /api/cakes/699ec4f67200db352d1ff769 Auth: Bearer eyJhbGciOiJIU...
[2026-03-15T08:12:08.395Z] GET /api/cakes/699ec4f67200db352d1ff769 Auth: Bearer eyJhbGciOiJIU...
[2026-03-15T08:12:37.780Z] GET /api/orders/myorders?t=1773562357770 Auth: Bearer eyJhbGciOiJIU...
[2026-03-15T08:12:37.969Z] GET /api/orders/myorders?t=1773562357771 Auth: Bearer eyJhbGciOiJIU...
[2026-03-15T08:12:41.483Z] POST /api/orders Auth: Bearer eyJhbGciOiJIU...
[2026-03-15T08:12:42.101Z] GET /api/orders/myorders?t=1773562362097 Auth: Bearer eyJhbGciOiJIU...
[2026-03-15T08:12:42.111Z] PUT /api/users/cart Auth: Bearer eyJhbGciOiJIU...
[2026-03-15T08:12:44.237Z] GET /api/orders/myorders?t=1773562364218 Auth: Bearer eyJhbGciOiJIU...
[2026-03-15T08:12:44.240Z] GET /api/orders/myorders?t=1773562364220 Auth: Bearer eyJhbGciOiJIU...
[2026-03-15T08:12:56.724Z] GET /api/cakes Auth: No Auth...
[2026-03-15T08:14:44.036Z] GET /api/users/me Auth: Bearer eyJhbGciOiJIU...
[2026-03-15T08:14:44.214Z] GET /api/users/me Auth: Bearer eyJhbGciOiJIU...
[2026-03-15T08:14:44.224Z] GET /api/users/favorites Auth: Bearer eyJhbGciOiJIU...
[2026-03-15T08:14:44.349Z] GET /api/users/favorites Auth: Bearer eyJhbGciOiJIU...
[2026-03-15T08:14:48.820Z] GET /api/cakes Auth: Bearer eyJhbGciOiJIU...
[2026-03-15T08:14:49.060Z] GET /api/cakes Auth: Bearer eyJhbGciOiJIU...
[2026-03-15T08:14:50.495Z] GET /api/cakes/699ec4f67200db352d1ff76c Auth: Bearer eyJhbGciOiJIU...
[2026-03-15T08:14:50.601Z] GET /api/cakes/699ec4f67200db352d1ff76c Auth: Bearer eyJhbGciOiJIU...
[2026-03-15T08:14:53.754Z] PUT /api/users/cart Auth: Bearer eyJhbGciOiJIU...
[2026-03-15T08:14:53.757Z] PUT /api/users/cart Auth: Bearer eyJhbGciOiJIU...
[2026-03-15T08:14:53.778Z] GET /api/orders/myorders?t=1773562493762 Auth: Bearer eyJhbGciOiJIU...
[2026-03-15T08:14:53.903Z] GET /api/orders/myorders?t=1773562493762 Auth: Bearer eyJhbGciOiJIU...
[2026-03-15T08:14:57.129Z] POST /api/orders Auth: Bearer eyJhbGciOiJIU...
[2026-03-15T08:14:57.739Z] GET /api/orders/myorders?t=1773562497735 Auth: Bearer eyJhbGciOiJIU...
[2026-03-15T08:14:57.753Z] PUT /api/users/cart Auth: Bearer eyJhbGciOiJIU...
[2026-03-15T08:14:58.901Z] GET /api/orders/myorders?t=1773562498888 Auth: Bearer eyJhbGciOiJIU...
[2026-03-15T08:14:58.903Z] GET /api/orders/myorders?t=1773562498889 Auth: Bearer eyJhbGciOiJIU...
[2026-03-15T08:16:02.336Z] GET /api/orders/myorders?t=1773562562023 Auth: Bearer eyJhbGciOiJIU...
[2026-03-15T08:17:05.645Z] GET /api/users/me Auth: Bearer eyJhbGciOiJIU...
[2026-03-15T08:17:05.847Z] GET /api/users/me Auth: Bearer eyJhbGciOiJIU...
[2026-03-15T08:17:05.856Z] GET /api/users/favorites Auth: Bearer eyJhbGciOiJIU...
[2026-03-15T08:17:05.975Z] GET /api/users/favorites Auth: Bearer eyJhbGciOiJIU...
[2026-03-15T08:17:09.127Z] GET /api/cakes/2 Auth: Bearer eyJhbGciOiJIU...
[2026-03-15T08:17:09.132Z] GET /api/cakes/2 Auth: Bearer eyJhbGciOiJIU...
