[2026-03-02T11:24:18.859Z] [GET_MY_ORDERS] User: 699ab343f758af187f896576, Email: akashrocks843@gmail.com
[2026-03-02T11:24:19.512Z] [GET_MY_ORDERS] User: 699ab343f758af187f896576, Email: akashrocks843@gmail.com
[2026-03-03T04:45:28.556Z] [GET_MY_ORDERS] User: 699ab343f758af187f896576, Email: akashrocks843@gmail.com
[2026-03-03T04:45:28.660Z] [GET_MY_ORDERS] Found 49 orders for user 699ab343f758af187f896576
[2026-03-03T04:45:28.714Z] [GET_MY_ORDERS] User: 699ab343f758af187f896576, Email: akashrocks843@gmail.com
[2026-03-03T04:45:28.777Z] [GET_MY_ORDERS] Found 49 orders for user 699ab343f758af187f896576
[2026-03-03T05:04:53.329Z] [GET_MY_ORDERS] User: 699ab343f758af187f896576, Email: akashrocks843@gmail.com
[2026-03-03T05:04:53.461Z] [GET_MY_ORDERS] Found 49 orders for user 699ab343f758af187f896576
[2026-03-03T05:04:53.558Z] [GET_MY_ORDERS] User: 699ab343f758af187f896576, Email: akashrocks843@gmail.com
[2026-03-03T05:04:53.641Z] [GET_MY_ORDERS] Found 49 orders for user 699ab343f758af187f896576
[2026-03-03T05:04:56.795Z] [ADD_ORDER] User: 699ab343f758af187f896576, Email: akashrocks843@gmail.com
[2026-03-03T05:05:02.627Z] [GET_MY_ORDERS] User: 699ab343f758af187f896576, Email: akashrocks843@gmail.com
[2026-03-03T05:05:02.808Z] [GET_MY_ORDERS] Found 50 orders for user 699ab343f758af187f896576
[2026-03-03T05:05:11.832Z] [GET_MY_ORDERS] User: 699ab343f758af187f896576, Email: akashrocks843@gmail.com
[2026-03-03T05:05:12.002Z] [GET_MY_ORDERS] Found 50 orders for user 699ab343f758af187f896576
[2026-03-03T05:05:12.073Z] [GET_MY_ORDERS] User: 699ab343f758af187f896576, Email: akashrocks843@gmail.com
[2026-03-03T05:05:12.152Z] [GET_MY_ORDERS] Found 50 orders for user 699ab343f758af187f896576
[2026-03-03T05:15:31.639Z] [GET_MY_ORDERS] User: 699ab343f758af187f896576, Email: akashrocks843@gmail.com
[2026-03-03T05:15:31.858Z] [GET_MY_ORDERS] Found 50 orders for user 699ab343f758af187f896576
[2026-03-03T05:31:17.634Z] [GET_MY_ORDERS] User: 699ab343f758af187f896576, Email: akashrocks843@gmail.com
[2026-03-03T05:31:18.083Z] [GET_MY_ORDERS] Found 50 orders for user 699ab343f758af187f896576
[2026-03-03T05:31:18.197Z] [GET_MY_ORDERS] User: 699ab343f758af187f896576, Email: akashrocks843@gmail.com
[2026-03-03T05:31:18.286Z] [GET_MY_ORDERS] Found 50 orders for user 699ab343f758af187f896576
[2026-03-03T05:31:49.928Z] [GET_MY_ORDERS] User: 699ab343f758af187f896576, Email: akashrocks843@gmail.com
[2026-03-03T05:31:50.259Z] [GET_MY_ORDERS] Found 50 orders for user 699ab343f758af187f896576
[2026-03-04T06:07:43.453Z] [GET_MY_ORDERS] User: 699ab343f758af187f896576, Email: akashrocks843@gmail.com
[2026-03-04T06:07:43.704Z] [GET_MY_ORDERS] Found 50 orders for user 699ab343f758af187f896576
[2026-03-04T06:07:43.775Z] [GET_MY_ORDERS] User: 699ab343f758af187f896576, Email: akashrocks843@gmail.com
[2026-03-04T06:07:43.960Z] [GET_MY_ORDERS] Found 50 orders for user 699ab343f758af187f896576
[2026-03-04T06:11:19.143Z] [GET_MY_ORDERS] User: 699ab343f758af187f896576, Email: akashrocks843@gmail.com
[2026-03-04T06:11:19.264Z] [GET_MY_ORDERS] User: 699ab343f758af187f896576, Email: akashrocks843@gmail.com
[2026-03-04T06:11:19.319Z] [GET_MY_ORDERS] Found 50 orders for user 699ab343f758af187f896576
[2026-03-04T06:11:19.508Z] [GET_MY_ORDERS] Found 50 orders for user 699ab343f758af187f896576
[2026-03-09T05:11:59.560Z] [GET_MY_ORDERS] User: 69ae568d6aa0aa00d7a97eeb, Email: akashrocks843+1@gmail.com
[2026-03-09T05:11:59.652Z] [GET_MY_ORDERS] Found 0 orders for user 69ae568d6aa0aa00d7a97eeb
[2026-03-09T05:11:59.792Z] [GET_MY_ORDERS] User: 69ae568d6aa0aa00d7a97eeb, Email: akashrocks843+1@gmail.com
[2026-03-09T05:11:59.907Z] [GET_MY_ORDERS] Found 0 orders for user 69ae568d6aa0aa00d7a97eeb
[2026-03-09T05:12:01.895Z] [ADD_ORDER] User: 69ae568d6aa0aa00d7a97eeb, Email: akashrocks843+1@gmail.com
[2026-03-09T05:12:02.193Z] [GET_MY_ORDERS] User: 69ae568d6aa0aa00d7a97eeb, Email: akashrocks843+1@gmail.com
[2026-03-09T05:12:02.349Z] [GET_MY_ORDERS] Found 1 orders for user 69ae568d6aa0aa00d7a97eeb
[2026-03-09T05:12:03.477Z] [GET_MY_ORDERS] User: 69ae568d6aa0aa00d7a97eeb, Email: akashrocks843+1@gmail.com
[2026-03-09T05:12:03.480Z] [GET_MY_ORDERS] User: 69ae568d6aa0aa00d7a97eeb, Email: akashrocks843+1@gmail.com
[2026-03-09T05:12:03.530Z] [GET_MY_ORDERS] Found 1 orders for user 69ae568d6aa0aa00d7a97eeb
[2026-03-09T05:12:03.532Z] [GET_MY_ORDERS] Found 1 orders for user 69ae568d6aa0aa00d7a97eeb
[2026-03-09T05:14:00.622Z] [GET_MY_ORDERS] User: 69ae568d6aa0aa00d7a97eeb, Email: akashrocks843+1@gmail.com
[2026-03-09T05:14:00.672Z] [GET_MY_ORDERS] Found 1 orders for user 69ae568d6aa0aa00d7a97eeb
[2026-03-09T05:18:38.634Z] [GET_MY_ORDERS] User: 69ae568d6aa0aa00d7a97eeb, Email: akashrocks843+1@gmail.com
[2026-03-09T05:18:38.637Z] [GET_MY_ORDERS] User: 69ae568d6aa0aa00d7a97eeb, Email: akashrocks843+1@gmail.com
[2026-03-09T05:18:38.687Z] [GET_MY_ORDERS] Found 1 orders for user 69ae568d6aa0aa00d7a97eeb
[2026-03-09T05:18:38.689Z] [GET_MY_ORDERS] Found 1 orders for user 69ae568d6aa0aa00d7a97eeb
[2026-03-09T05:19:28.106Z] [GET_MY_ORDERS] User: 69ae568d6aa0aa00d7a97eeb, Email: akashrocks843+1@gmail.com
[2026-03-09T05:19:28.195Z] [GET_MY_ORDERS] Found 1 orders for user 69ae568d6aa0aa00d7a97eeb
[2026-03-09T05:19:28.301Z] [GET_MY_ORDERS] User: 69ae568d6aa0aa00d7a97eeb, Email: akashrocks843+1@gmail.com
[2026-03-09T05:19:28.407Z] [GET_MY_ORDERS] Found 1 orders for user 69ae568d6aa0aa00d7a97eeb
[2026-03-09T05:32:40.379Z] [GET_MY_ORDERS] User: 69ae568d6aa0aa00d7a97eeb, Email: akashrocks843+1@gmail.com
[2026-03-09T05:32:40.382Z] [GET_MY_ORDERS] User: 69ae568d6aa0aa00d7a97eeb, Email: akashrocks843+1@gmail.com
[2026-03-09T05:32:40.430Z] [GET_MY_ORDERS] Found 1 orders for user 69ae568d6aa0aa00d7a97eeb
[2026-03-09T05:32:40.446Z] [GET_MY_ORDERS] Found 1 orders for user 69ae568d6aa0aa00d7a97eeb
[2026-03-09T05:32:43.826Z] [GET_MY_ORDERS] User: 69ae568d6aa0aa00d7a97eeb, Email: akashrocks843+1@gmail.com
[2026-03-09T05:32:43.898Z] [GET_MY_ORDERS] Found 1 orders for user 69ae568d6aa0aa00d7a97eeb
[2026-03-09T05:32:43.962Z] [GET_MY_ORDERS] User: 69ae568d6aa0aa00d7a97eeb, Email: akashrocks843+1@gmail.com
[2026-03-09T05:32:44.020Z] [GET_MY_ORDERS] Found 1 orders for user 69ae568d6aa0aa00d7a97eeb
[2026-03-09T05:35:20.586Z] [GET_MY_ORDERS] User: 69ae568d6aa0aa00d7a97eeb, Email: akashrocks843+1@gmail.com
[2026-03-09T05:35:20.641Z] [GET_MY_ORDERS] Found 1 orders for user 69ae568d6aa0aa00d7a97eeb
[2026-03-09T05:35:20.704Z] [GET_MY_ORDERS] User: 69ae568d6aa0aa00d7a97eeb, Email: akashrocks843+1@gmail.com
[2026-03-09T05:35:20.758Z] [GET_MY_ORDERS] Found 1 orders for user 69ae568d6aa0aa00d7a97eeb
[2026-03-09T06:25:54.981Z] [GET_MY_ORDERS] User: 69ae568d6aa0aa00d7a97eeb, Email: akashrocks843+1@gmail.com
[2026-03-09T06:25:55.028Z] [GET_MY_ORDERS] Found 1 orders for user 69ae568d6aa0aa00d7a97eeb
[2026-03-09T06:25:55.090Z] [GET_MY_ORDERS] User: 69ae568d6aa0aa00d7a97eeb, Email: akashrocks843+1@gmail.com
[2026-03-09T06:25:55.152Z] [GET_MY_ORDERS] Found 1 orders for user 69ae568d6aa0aa00d7a97eeb
[2026-03-09T08:53:23.153Z] [GET_MY_ORDERS] User: 69ae568d6aa0aa00d7a97eeb, Email: akashrocks843+1@gmail.com
[2026-03-09T08:53:23.225Z] [GET_MY_ORDERS] Found 1 orders for user 69ae568d6aa0aa00d7a97eeb
[2026-03-09T08:53:23.307Z] [GET_MY_ORDERS] User: 69ae568d6aa0aa00d7a97eeb, Email: akashrocks843+1@gmail.com
[2026-03-09T08:53:23.385Z] [GET_MY_ORDERS] Found 1 orders for user 69ae568d6aa0aa00d7a97eeb
[2026-03-09T08:56:59.859Z] [GET_MY_ORDERS] User: 69ae568d6aa0aa00d7a97eeb, Email: akashrocks843+1@gmail.com
[2026-03-09T08:56:59.913Z] [GET_MY_ORDERS] Found 1 orders for user 69ae568d6aa0aa00d7a97eeb
[2026-03-09T08:56:59.976Z] [GET_MY_ORDERS] User: 69ae568d6aa0aa00d7a97eeb, Email: akashrocks843+1@gmail.com
[2026-03-09T08:57:00.033Z] [GET_MY_ORDERS] Found 1 orders for user 69ae568d6aa0aa00d7a97eeb
[2026-03-09T08:57:01.565Z] [ADD_ORDER] User: 69ae568d6aa0aa00d7a97eeb, Email: akashrocks843+1@gmail.com
[2026-03-09T08:57:01.908Z] [GET_MY_ORDERS] User: 69ae568d6aa0aa00d7a97eeb, Email: akashrocks843+1@gmail.com
[2026-03-09T08:57:01.981Z] [GET_MY_ORDERS] Found 2 orders for user 69ae568d6aa0aa00d7a97eeb
[2026-03-09T08:57:03.893Z] [GET_MY_ORDERS] User: 69ae568d6aa0aa00d7a97eeb, Email: akashrocks843+1@gmail.com
[2026-03-09T08:57:03.916Z] [GET_MY_ORDERS] User: 69ae568d6aa0aa00d7a97eeb, Email: akashrocks843+1@gmail.com
[2026-03-09T08:57:03.950Z] [GET_MY_ORDERS] Found 2 orders for user 69ae568d6aa0aa00d7a97eeb
[2026-03-09T08:57:03.989Z] [GET_MY_ORDERS] Found 2 orders for user 69ae568d6aa0aa00d7a97eeb
[2026-03-09T09:06:06.074Z] [GET_MY_ORDERS] User: 69ae568d6aa0aa00d7a97eeb, Email: akashrocks843+1@gmail.com
[2026-03-09T09:06:06.128Z] [GET_MY_ORDERS] Found 2 orders for user 69ae568d6aa0aa00d7a97eeb
[2026-03-09T09:06:06.498Z] [GET_MY_ORDERS] User: 69ae568d6aa0aa00d7a97eeb, Email: akashrocks843+1@gmail.com
[2026-03-09T09:06:06.550Z] [GET_MY_ORDERS] Found 2 orders for user 69ae568d6aa0aa00d7a97eeb
[2026-03-09T09:06:08.936Z] [ADD_ORDER] User: 69ae568d6aa0aa00d7a97eeb, Email: akashrocks843+1@gmail.com
[2026-03-09T09:06:09.228Z] [GET_MY_ORDERS] User: 69ae568d6aa0aa00d7a97eeb, Email: akashrocks843+1@gmail.com
[2026-03-09T09:06:09.281Z] [GET_MY_ORDERS] Found 3 orders for user 69ae568d6aa0aa00d7a97eeb
[2026-03-09T09:06:10.144Z] [GET_MY_ORDERS] User: 69ae568d6aa0aa00d7a97eeb, Email: akashrocks843+1@gmail.com
[2026-03-09T09:06:10.157Z] [GET_MY_ORDERS] User: 69ae568d6aa0aa00d7a97eeb, Email: akashrocks843+1@gmail.com
[2026-03-09T09:06:10.209Z] [GET_MY_ORDERS] Found 3 orders for user 69ae568d6aa0aa00d7a97eeb
[2026-03-09T09:06:10.235Z] [GET_MY_ORDERS] Found 3 orders for user 69ae568d6aa0aa00d7a97eeb
[2026-03-10T05:14:06.334Z] [GET_MY_ORDERS] User: 69ae568d6aa0aa00d7a97eeb, Email: akashrocks843+1@gmail.com
[2026-03-10T05:14:06.397Z] [GET_MY_ORDERS] Found 3 orders for user 69ae568d6aa0aa00d7a97eeb
[2026-03-10T05:14:06.640Z] [GET_MY_ORDERS] User: 69ae568d6aa0aa00d7a97eeb, Email: akashrocks843+1@gmail.com
[2026-03-10T05:14:06.685Z] [GET_MY_ORDERS] Found 3 orders for user 69ae568d6aa0aa00d7a97eeb
[2026-03-10T07:10:23.728Z] [GET_MY_ORDERS] User: 69ae568d6aa0aa00d7a97eeb, Email: akashrocks843+1@gmail.com
[2026-03-10T07:10:23.734Z] [GET_MY_ORDERS] User: 69ae568d6aa0aa00d7a97eeb, Email: akashrocks843+1@gmail.com
[2026-03-10T07:10:23.791Z] [GET_MY_ORDERS] Found 3 orders for user 69ae568d6aa0aa00d7a97eeb
[2026-03-10T07:10:23.795Z] [GET_MY_ORDERS] Found 3 orders for user 69ae568d6aa0aa00d7a97eeb
[2026-03-10T07:10:52.362Z] [GET_MY_ORDERS] User: 69ae568d6aa0aa00d7a97eeb, Email: akashrocks843+1@gmail.com
[2026-03-10T07:10:52.364Z] [GET_MY_ORDERS] User: 69ae568d6aa0aa00d7a97eeb, Email: akashrocks843+1@gmail.com
[2026-03-10T07:10:52.436Z] [GET_MY_ORDERS] Found 3 orders for user 69ae568d6aa0aa00d7a97eeb
[2026-03-10T07:10:52.440Z] [GET_MY_ORDERS] Found 3 orders for user 69ae568d6aa0aa00d7a97eeb
[2026-03-10T07:11:57.407Z] [GET_MY_ORDERS] User: 69ae568d6aa0aa00d7a97eeb, Email: akashrocks843+1@gmail.com
[2026-03-10T07:11:57.413Z] [GET_MY_ORDERS] User: 69ae568d6aa0aa00d7a97eeb, Email: akashrocks843+1@gmail.com
[2026-03-10T07:11:57.453Z] [GET_MY_ORDERS] Found 3 orders for user 69ae568d6aa0aa00d7a97eeb
[2026-03-10T07:11:57.481Z] [GET_MY_ORDERS] Found 3 orders for user 69ae568d6aa0aa00d7a97eeb
[2026-03-10T07:40:41.334Z] [GET_MY_ORDERS] User: 69ae568d6aa0aa00d7a97eeb, Email: akashrocks843+1@gmail.com
[2026-03-10T07:40:41.361Z] [GET_MY_ORDERS] Found 3 orders for user 69ae568d6aa0aa00d7a97eeb
[2026-03-10T07:40:41.371Z] [GET_MY_ORDERS] User: 69ae568d6aa0aa00d7a97eeb, Email: akashrocks843+1@gmail.com
[2026-03-10T07:40:41.434Z] [GET_MY_ORDERS] Found 3 orders for user 69ae568d6aa0aa00d7a97eeb
[2026-03-15T08:12:37.851Z] [GET_MY_ORDERS] User: 69b669af1477fcb8c7e34192, Email: aka@gmail.com
[2026-03-15T08:12:37.967Z] [GET_MY_ORDERS] Found 0 orders for user 69b669af1477fcb8c7e34192
[2026-03-15T08:12:38.090Z] [GET_MY_ORDERS] User: 69b669af1477fcb8c7e34192, Email: aka@gmail.com
[2026-03-15T08:12:38.191Z] [GET_MY_ORDERS] Found 0 orders for user 69b669af1477fcb8c7e34192
[2026-03-15T08:12:41.568Z] [ADD_ORDER] User: 69b669af1477fcb8c7e34192, Email: aka@gmail.com
[2026-03-15T08:12:42.186Z] [GET_MY_ORDERS] User: 69b669af1477fcb8c7e34192, Email: aka@gmail.com
[2026-03-15T08:12:42.289Z] [GET_MY_ORDERS] Found 1 orders for user 69b669af1477fcb8c7e34192
[2026-03-15T08:12:44.312Z] [GET_MY_ORDERS] User: 69b669af1477fcb8c7e34192, Email: aka@gmail.com
[2026-03-15T08:12:44.317Z] [GET_MY_ORDERS] User: 69b669af1477fcb8c7e34192, Email: aka@gmail.com
[2026-03-15T08:12:44.372Z] [GET_MY_ORDERS] Found 1 orders for user 69b669af1477fcb8c7e34192
[2026-03-15T08:12:44.378Z] [GET_MY_ORDERS] Found 1 orders for user 69b669af1477fcb8c7e34192
[2026-03-15T08:14:53.829Z] [GET_MY_ORDERS] User: 69b669af1477fcb8c7e34192, Email: aka@gmail.com
[2026-03-15T08:14:53.900Z] [GET_MY_ORDERS] Found 1 orders for user 69b669af1477fcb8c7e34192
[2026-03-15T08:14:54.075Z] [GET_MY_ORDERS] User: 69b669af1477fcb8c7e34192, Email: aka@gmail.com
[2026-03-15T08:14:54.149Z] [GET_MY_ORDERS] Found 1 orders for user 69b669af1477fcb8c7e34192
[2026-03-15T08:14:57.249Z] [ADD_ORDER] User: 69b669af1477fcb8c7e34192, Email: aka@gmail.com
[2026-03-15T08:14:57.864Z] [GET_MY_ORDERS] User: 69b669af1477fcb8c7e34192, Email: aka@gmail.com
[2026-03-15T08:14:57.929Z] [GET_MY_ORDERS] Found 2 orders for user 69b669af1477fcb8c7e34192
[2026-03-15T08:14:58.990Z] [GET_MY_ORDERS] User: 69b669af1477fcb8c7e34192, Email: aka@gmail.com
[2026-03-15T08:14:58.992Z] [GET_MY_ORDERS] User: 69b669af1477fcb8c7e34192, Email: aka@gmail.com
[2026-03-15T08:14:59.093Z] [GET_MY_ORDERS] Found 2 orders for user 69b669af1477fcb8c7e34192
[2026-03-15T08:14:59.097Z] [GET_MY_ORDERS] Found 2 orders for user 69b669af1477fcb8c7e34192
[2026-03-15T08:16:02.396Z] [GET_MY_ORDERS] User: 69b669af1477fcb8c7e34192, Email: aka@gmail.com
[2026-03-15T08:16:02.475Z] [GET_MY_ORDERS] Found 2 orders for user 69b669af1477fcb8c7e34192
